0 info it worked if it ends with ok
1 verbose cli [ '/home/jinwoo/.nvm/v0.10.40/bin/node',
1 verbose cli   '/home/jinwoo/.nvm/v0.10.40/bin/npm',
1 verbose cli   'install',
1 verbose cli   'loadash' ]
2 info using npm@1.4.28
3 info using node@v0.10.40
4 verbose readDependencies using package.json deps
5 verbose cache add [ 'loadash', null ]
6 verbose cache add name=undefined spec="loadash" args=["loadash",null]
7 verbose parsed url { protocol: null,
7 verbose parsed url   slashes: null,
7 verbose parsed url   auth: null,
7 verbose parsed url   host: null,
7 verbose parsed url   port: null,
7 verbose parsed url   hostname: null,
7 verbose parsed url   hash: null,
7 verbose parsed url   search: null,
7 verbose parsed url   query: null,
7 verbose parsed url   pathname: 'loadash',
7 verbose parsed url   path: 'loadash',
7 verbose parsed url   href: 'loadash' }
8 silly lockFile e8efc79f-loadash loadash
9 verbose lock loadash /root/.npm/e8efc79f-loadash.lock
10 silly lockFile e8efc79f-loadash loadash
11 silly lockFile e8efc79f-loadash loadash
12 verbose addNamed [ 'loadash', '' ]
13 verbose addNamed [ null, '*' ]
14 silly lockFile 49b57bea-loadash loadash@
15 verbose lock loadash@ /root/.npm/49b57bea-loadash.lock
16 silly addNameRange { name: 'loadash', range: '*', hasData: false }
17 verbose request where is /loadash
18 verbose request registry https://registry.npmjs.org/
19 verbose request id 06d7694600fd7634
20 verbose url raw /loadash
21 verbose url resolving [ 'https://registry.npmjs.org/', './loadash' ]
22 verbose url resolved https://registry.npmjs.org/loadash
23 verbose request where is https://registry.npmjs.org/loadash
24 info trying registry request attempt 1 at 23:30:51
25 http GET https://registry.npmjs.org/loadash
26 http 404 https://registry.npmjs.org/loadash
27 silly registry.get cb [ 404,
27 silly registry.get   { 'content-type': 'application/json',
27 silly registry.get     'cache-control': 'max-age=0',
27 silly registry.get     'content-length': '2',
27 silly registry.get     'accept-ranges': 'bytes',
27 silly registry.get     date: 'Wed, 23 Sep 2015 14:30:52 GMT',
27 silly registry.get     via: '1.1 varnish',
27 silly registry.get     age: '0',
27 silly registry.get     connection: 'keep-alive',
27 silly registry.get     'x-served-by': 'cache-nrt6133-NRT',
27 silly registry.get     'x-cache': 'MISS',
27 silly registry.get     'x-cache-hits': '0',
27 silly registry.get     'x-timer': 'S1443018652.280140,VS0,VE477' } ]
28 silly lockFile 49b57bea-loadash loadash@
29 silly lockFile 49b57bea-loadash loadash@
30 error 404 Not Found
30 error 404
30 error 404 'loadash' is not in the npm registry.
30 error 404 You should bug the author to publish it
30 error 404 It was specified as a dependency of 'Makcipe_server'
30 error 404
30 error 404 Note that you can also install from a
30 error 404 tarball, folder, or http url, or git url.
31 error System Linux 3.2.0-32-generic-pae
32 error command "/home/jinwoo/.nvm/v0.10.40/bin/node" "/home/jinwoo/.nvm/v0.10.40/bin/npm" "install" "loadash"
33 error cwd /home/jinwoo/MYPROJ/food-recipe-server/source
34 error node -v v0.10.40
35 error npm -v 1.4.28
36 error code E404
37 verbose exit [ 1, true ]
